<?xml version="1.0" encoding="UTF-8"?>
<!-- Generated by org.testng.reporters.JUnitReportReporter -->
<testsuite hostname="Tester-PC" failures="0" tests="1" name="com.runnerclass.RunnerClass" time="25.248" errors="0" timestamp="13 Aug 2018 10:18:00 GMT" skipped="0">
  <testcase classname="com.runnerclass.RunnerClass" name="feature" time="25.248"/>
</testsuite> <!-- com.runnerclass.RunnerClass -->
