<?xml version="1.0" encoding="UTF-8"?>
<!-- Generated by org.testng.reporters.JUnitReportReporter -->
<testsuite skipped="0" hostname="Tester-PC" name="com.mytest.Login" tests="1" failures="0" timestamp="23 Aug 2018 12:05:24 GMT" time="64.784" errors="0">
  <testcase name="login" time="64.784" classname="com.mytest.Login"/>
</testsuite> <!-- com.mytest.Login -->
