<?xml version="1.0" encoding="UTF-8"?>
<!-- Generated by org.testng.reporters.JUnitReportReporter -->
<testsuite hostname="Tester-PC" failures="0" tests="6" name="com.mytest.Student_Batch" time="39.514" errors="0" timestamp="17 Aug 2018 07:18:33 GMT" skipped="0">
  <testcase classname="com.mytest.Student_Batch" name="Blank_Batch" time="0.050"/>
  <testcase classname="com.mytest.Student_Batch" name="Blank_Course" time="6.418"/>
  <testcase classname="com.mytest.Student_Batch" name="Add_Course" time="28.414"/>
  <testcase classname="com.mytest.Student_Batch" name="Batch" time="1.174"/>
  <testcase classname="com.mytest.Student_Batch" name="Save_Button_Functionality" time="3.242"/>
  <testcase classname="com.mytest.Student_Batch" name="Course" time="0.216"/>
</testsuite> <!-- com.mytest.Student_Batch -->
