<?xml version="1.0" encoding="UTF-8"?>
<!-- Generated by org.testng.reporters.JUnitReportReporter -->
<testsuite hostname="Tester-PC" failures="1" tests="14" name="com.mytest.Master_Account_Head" time="30.463" errors="0" timestamp="13 Aug 2018 12:39:39 GMT" skipped="0">
  <testcase classname="com.mytest.Master_Account_Head" name="Save_Changes_Button_Functionalty" time="2.273"/>
  <testcase classname="com.mytest.Master_Account_Head" name="Blank_Account_Type" time="0.089"/>
  <testcase classname="com.mytest.Master_Account_Head" name="Account_Head_contain_whitespaces_at_begining" time="0.208">
    <failure message="Account Head Contain Whitespaces at Begining expected [true] but found [false]" type="java.lang.AssertionError">
      <![CDATA[java.lang.AssertionError: Account Head Contain Whitespaces at Begining expected [true] but found [false]
at org.testng.Assert.fail(Assert.java:96)
at org.testng.Assert.failNotEquals(Assert.java:776)
at org.testng.Assert.assertTrue(Assert.java:44)
at com.mytest.Master_Account_Head.Account_Head_contain_whitespaces_at_begining(Master_Account_Head.java:58)
at java.base/jdk.internal.reflect.NativeMethodAccessorImpl.invoke0(Native Method)
at java.base/jdk.internal.reflect.NativeMethodAccessorImpl.invoke(Unknown Source)
at java.base/jdk.internal.reflect.DelegatingMethodAccessorImpl.invoke(Unknown Source)
at java.base/java.lang.reflect.Method.invoke(Unknown Source)
at org.testng.internal.MethodInvocationHelper.invokeMethod(MethodInvocationHelper.java:124)
at org.testng.internal.Invoker.invokeMethod(Invoker.java:580)
at org.testng.internal.Invoker.invokeTestMethod(Invoker.java:716)
at org.testng.internal.Invoker.invokeTestMethods(Invoker.java:988)
at org.testng.internal.TestMethodWorker.invokeTestMethods(TestMethodWorker.java:125)
at org.testng.internal.TestMethodWorker.run(TestMethodWorker.java:109)
at org.testng.TestRunner.privateRun(TestRunner.java:648)
at org.testng.TestRunner.run(TestRunner.java:505)
at org.testng.SuiteRunner.runTest(SuiteRunner.java:455)
at org.testng.SuiteRunner.access$000(SuiteRunner.java:40)
at org.testng.SuiteRunner$SuiteWorker.run(SuiteRunner.java:489)
at org.testng.internal.thread.ThreadUtil$1.call(ThreadUtil.java:52)
at java.base/java.util.concurrent.FutureTask.run(Unknown Source)
at java.base/java.util.concurrent.ThreadPoolExecutor.runWorker(Unknown Source)
at java.base/java.util.concurrent.ThreadPoolExecutor$Worker.run(Unknown Source)
at java.base/java.lang.Thread.run(Unknown Source)
]]>
    </failure>
  </testcase> <!-- Account_Head_contain_whitespaces_at_begining -->
  <testcase classname="com.mytest.Master_Account_Head" name="Update_Cancel_Button_Functionality" time="2.768"/>
  <testcase classname="com.mytest.Master_Account_Head" name="Account_Head_contain_alphabets" time="0.164"/>
  <testcase classname="com.mytest.Master_Account_Head" name="Account_Type" time="0.267"/>
  <testcase classname="com.mytest.Master_Account_Head" name="Account_Head_contain_special_characters" time="11.740"/>
  <testcase classname="com.mytest.Master_Account_Head" name="Account_Head_Cancel_Button_Functionality" time="2.560"/>
  <testcase classname="com.mytest.Master_Account_Head" name="Update_Account_Head" time="2.961"/>
  <testcase classname="com.mytest.Master_Account_Head" name="Delete_Cancel_Button_Functionality" time="2.965"/>
  <testcase classname="com.mytest.Master_Account_Head" name="Delete_Account_Head" time="3.448"/>
  <testcase classname="com.mytest.Master_Account_Head" name="Account_Head_contain_whitespaces" time="0.211"/>
  <testcase classname="com.mytest.Master_Account_Head" name="Account_Head_field_is_Blank" time="0.588"/>
  <testcase classname="com.mytest.Master_Account_Head" name="Account_Head_contain_numbers" time="0.221"/>
</testsuite> <!-- com.mytest.Master_Account_Head -->
