<?xml version="1.0" encoding="UTF-8"?>
<!-- Generated by org.testng.reporters.JUnitReportReporter -->
<testsuite hostname="Tester-PC" failures="0" tests="2" name="com.mytest.Assign_RFID" time="37.424" errors="0" timestamp="21 Aug 2018 12:12:08 GMT" skipped="0">
  <testcase classname="com.mytest.Assign_RFID" name="Blank_RFID" time="4.457"/>
  <testcase classname="com.mytest.Assign_RFID" name="Add_Admission" time="32.967"/>
</testsuite> <!-- com.mytest.Assign_RFID -->
