<?xml version="1.0" encoding="UTF-8"?>
<!-- Generated by org.testng.reporters.JUnitReportReporter -->
<testsuite hostname="Tester-PC" failures="0" tests="1" name="com.mytest.Login" time="12.262" errors="0" timestamp="22 Aug 2018 05:02:18 GMT" skipped="0">
  <testcase classname="com.mytest.Login" name="login" time="12.262"/>
</testsuite> <!-- com.mytest.Login -->
