<?xml version="1.0" encoding="UTF-8"?>
<!-- Generated by org.testng.reporters.JUnitReportReporter -->
<testsuite hostname="Tester-PC" failures="0" tests="3" name="com.mytest.ChequeManager" time="38.143" errors="0" timestamp="17 Aug 2018 07:33:06 GMT" skipped="0">
  <testcase classname="com.mytest.ChequeManager" name="Change_Cheque_Status" time="2.426"/>
  <testcase classname="com.mytest.ChequeManager" name="Add_Fee_Status" time="31.079"/>
  <testcase classname="com.mytest.ChequeManager" name="Cheque_Manager" time="4.638"/>
</testsuite> <!-- com.mytest.ChequeManager -->
