<?xml version="1.0" encoding="UTF-8"?>
<!-- Generated by org.testng.reporters.JUnitReportReporter -->
<testsuite hostname="Tester-PC" failures="0" tests="1" name="com.mytest.Login" time="15.164" errors="0" timestamp="18 Aug 2018 08:37:28 GMT" skipped="0">
  <testcase classname="com.mytest.Login" name="login" time="15.164"/>
</testsuite> <!-- com.mytest.Login -->
